C:\USERS\RODOLFO\DROPBOX\UFCG\LSD\SECURECLOUD\WORKSPACE\AES_GCM\CRYPTOENCLAVE\DEBUG\CRYPTOENCLAVE.OBJ
C:\USERS\RODOLFO\DROPBOX\UFCG\LSD\SECURECLOUD\WORKSPACE\AES_GCM\CRYPTOENCLAVE\DEBUG\VC110.PDB
C:\USERS\RODOLFO\DROPBOX\UFCG\LSD\SECURECLOUD\WORKSPACE\AES_GCM\CRYPTOENCLAVE\DEBUG\CRYPTOENCLAVE_T.OBJ
C:\Users\Rodolfo\Dropbox\ufcg\LSD\securecloud\workspace\AES_GCM\Debug\CryptoEnclave.lib
C:\Users\Rodolfo\Dropbox\ufcg\LSD\securecloud\workspace\AES_GCM\Debug\CryptoEnclave.exp
C:\USERS\RODOLFO\DROPBOX\UFCG\LSD\SECURECLOUD\WORKSPACE\AES_GCM\CRYPTOENCLAVE\CRYPTOENCLAVE_T.H
C:\USERS\RODOLFO\DROPBOX\UFCG\LSD\SECURECLOUD\WORKSPACE\AES_GCM\CRYPTOENCLAVE\CRYPTOENCLAVE_T.C
C:\USERS\RODOLFO\DROPBOX\UFCG\LSD\SECURECLOUD\WORKSPACE\AES_GCM\DEBUG\CRYPTOENCLAVE.DLL
C:\USERS\RODOLFO\DROPBOX\UFCG\LSD\SECURECLOUD\WORKSPACE\AES_GCM\DEBUG\CRYPTOENCLAVE.PDB
C:\Users\Rodolfo\Dropbox\ufcg\LSD\securecloud\workspace\AES_GCM\CryptoEnclave\Debug\CryptoEnclave.obj
C:\Users\Rodolfo\Dropbox\ufcg\LSD\securecloud\workspace\AES_GCM\CryptoEnclave\Debug\CryptoEnclave_t.obj
C:\Users\Rodolfo\Dropbox\ufcg\LSD\securecloud\workspace\AES_GCM\CryptoEnclave\Debug\cl.command.1.tlog
C:\Users\Rodolfo\Dropbox\ufcg\LSD\securecloud\workspace\AES_GCM\CryptoEnclave\Debug\CL.read.1.tlog
C:\Users\Rodolfo\Dropbox\ufcg\LSD\securecloud\workspace\AES_GCM\CryptoEnclave\Debug\CL.write.1.tlog
C:\Users\Rodolfo\Dropbox\ufcg\LSD\securecloud\workspace\AES_GCM\CryptoEnclave\Debug\CryptoEnclave.write.1.tlog
C:\Users\Rodolfo\Dropbox\ufcg\LSD\securecloud\workspace\AES_GCM\CryptoEnclave\Debug\custombuild.command.1.tlog
C:\Users\Rodolfo\Dropbox\ufcg\LSD\securecloud\workspace\AES_GCM\CryptoEnclave\Debug\custombuild.read.1.tlog
C:\Users\Rodolfo\Dropbox\ufcg\LSD\securecloud\workspace\AES_GCM\CryptoEnclave\Debug\custombuild.write.1.tlog
C:\Users\Rodolfo\Dropbox\ufcg\LSD\securecloud\workspace\AES_GCM\CryptoEnclave\Debug\link.command.1.tlog
C:\Users\Rodolfo\Dropbox\ufcg\LSD\securecloud\workspace\AES_GCM\CryptoEnclave\Debug\link.read.1.tlog
C:\Users\Rodolfo\Dropbox\ufcg\LSD\securecloud\workspace\AES_GCM\CryptoEnclave\Debug\link.write.1.tlog
C:\Users\Rodolfo\Dropbox\ufcg\LSD\securecloud\workspace\AES_GCM\CryptoEnclave\Debug\vc110.pdb
C:\Users\Rodolfo\Dropbox\ufcg\LSD\securecloud\workspace\AES_GCM\Debug\CryptoEnclave.pdb
C:\Users\Rodolfo\Dropbox\ufcg\LSD\securecloud\workspace\AES_GCM\Debug\CryptoEnclave.dll
